<?xml version="1.0" encoding="UTF-8"?>
<coverage generated="1677869949041" clover="3.2.0">
  <project timestamp="1677869949041" name="All files">
    <metrics statements="225" coveredstatements="192" conditionals="58" coveredconditionals="51" methods="86" coveredmethods="65" elements="369" coveredelements="308" complexity="0" loc="225" ncloc="225" packages="3" files="12" classes="12"/>
    <package name="src">
      <metrics statements="140" coveredstatements="114" conditionals="26" coveredconditionals="24" methods="61" coveredmethods="44"/>
      <file name="App.jsx" path="/Users/ajwhatling/coding/photography/src/App.jsx">
        <metrics statements="26" coveredstatements="1" conditionals="2" coveredconditionals="0" methods="15" coveredmethods="0"/>
        <line num="5" count="2" type="stmt"/>
        <line num="13" count="0" type="stmt"/>
        <line num="17" count="0" type="stmt"/>
        <line num="18" count="0" type="stmt"/>
        <line num="24" count="0" type="stmt"/>
        <line num="28" count="0" type="stmt"/>
        <line num="30" count="0" type="stmt"/>
        <line num="39" count="0" type="stmt"/>
        <line num="40" count="0" type="stmt"/>
        <line num="42" count="0" type="stmt"/>
        <line num="58" count="0" type="stmt"/>
        <line num="59" count="0" type="stmt"/>
        <line num="66" count="0" type="stmt"/>
        <line num="70" count="0" type="stmt"/>
        <line num="71" count="0" type="stmt"/>
        <line num="72" count="0" type="stmt"/>
        <line num="73" count="0" type="stmt"/>
        <line num="75" count="0" type="cond" truecount="0" falsecount="2"/>
        <line num="76" count="0" type="stmt"/>
        <line num="78" count="0" type="stmt"/>
        <line num="82" count="0" type="stmt"/>
        <line num="84" count="0" type="stmt"/>
        <line num="85" count="0" type="stmt"/>
        <line num="96" count="0" type="stmt"/>
        <line num="101" count="0" type="stmt"/>
        <line num="105" count="0" type="stmt"/>
      </file>
      <file name="data-detangler.js" path="/Users/ajwhatling/coding/photography/src/data-detangler.js">
        <metrics statements="24" coveredstatements="24" conditionals="6" coveredconditionals="6" methods="11" coveredmethods="11"/>
        <line num="3" count="116" type="stmt"/>
        <line num="7" count="39" type="stmt"/>
        <line num="8" count="117" type="stmt"/>
        <line num="10" count="117" type="stmt"/>
        <line num="11" count="150" type="stmt"/>
        <line num="12" count="150" type="stmt"/>
        <line num="14" count="150" type="cond" truecount="2" falsecount="0"/>
        <line num="15" count="148" type="stmt"/>
        <line num="21" count="150" type="stmt"/>
        <line num="24" count="117" type="stmt"/>
        <line num="27" count="39" type="stmt"/>
        <line num="28" count="148" type="stmt"/>
        <line num="30" count="39" type="stmt"/>
        <line num="34" count="37" type="stmt"/>
        <line num="35" count="133" type="stmt"/>
        <line num="36" count="133" type="stmt"/>
        <line num="37" count="383" type="cond" truecount="4" falsecount="0"/>
        <line num="38" count="1" type="stmt"/>
        <line num="40" count="382" type="stmt"/>
        <line num="43" count="383" type="stmt"/>
        <line num="50" count="133" type="stmt"/>
        <line num="54" count="37" type="stmt"/>
        <line num="58" count="40" type="stmt"/>
        <line num="63" count="40" type="stmt"/>
      </file>
      <file name="image-utilities.js" path="/Users/ajwhatling/coding/photography/src/image-utilities.js">
        <metrics statements="14" coveredstatements="14" conditionals="4" coveredconditionals="4" methods="4" coveredmethods="4"/>
        <line num="1" count="1" type="stmt"/>
        <line num="2" count="1" type="stmt"/>
        <line num="3" count="1" type="stmt"/>
        <line num="5" count="1" type="stmt"/>
        <line num="10" count="3" type="stmt"/>
        <line num="14" count="12" type="stmt"/>
        <line num="16" count="12" type="cond" truecount="2" falsecount="0"/>
        <line num="17" count="4" type="stmt"/>
        <line num="18" count="8" type="cond" truecount="2" falsecount="0"/>
        <line num="19" count="4" type="stmt"/>
        <line num="22" count="12" type="stmt"/>
        <line num="26" count="3" type="stmt"/>
        <line num="28" count="3" type="stmt"/>
        <line num="35" count="3" type="stmt"/>
      </file>
      <file name="nouns-and-verbs.js" path="/Users/ajwhatling/coding/photography/src/nouns-and-verbs.js">
        <metrics statements="64" coveredstatements="64" conditionals="10" coveredconditionals="10" methods="26" coveredmethods="25"/>
        <line num="12" count="1" type="stmt"/>
        <line num="13" count="1" type="stmt"/>
        <line num="14" count="1" type="stmt"/>
        <line num="17" count="38" type="stmt"/>
        <line num="19" count="25" type="stmt"/>
        <line num="21" count="25" type="stmt"/>
        <line num="25" count="1" type="stmt"/>
        <line num="29" count="29" type="stmt"/>
        <line num="31" count="29" type="stmt"/>
        <line num="40" count="2" type="stmt"/>
        <line num="42" count="2" type="stmt"/>
        <line num="43" count="2" type="stmt"/>
        <line num="44" count="2" type="cond" truecount="2" falsecount="0"/>
        <line num="45" count="2" type="cond" truecount="2" falsecount="0"/>
        <line num="47" count="3" type="stmt"/>
        <line num="48" count="2" type="stmt"/>
        <line num="49" count="2" type="stmt"/>
        <line num="51" count="2" type="cond" truecount="2" falsecount="0"/>
        <line num="52" count="1" type="stmt"/>
        <line num="53" count="1" type="stmt"/>
        <line num="56" count="1" type="stmt"/>
        <line num="57" count="1" type="stmt"/>
        <line num="59" count="1" type="stmt"/>
        <line num="61" count="1" type="stmt"/>
        <line num="62" count="1" type="stmt"/>
        <line num="63" count="1" type="stmt"/>
        <line num="64" count="1" type="stmt"/>
        <line num="66" count="1" type="stmt"/>
        <line num="67" count="1" type="stmt"/>
        <line num="71" count="1" type="stmt"/>
        <line num="72" count="1" type="stmt"/>
        <line num="74" count="1" type="stmt"/>
        <line num="80" count="4" type="stmt"/>
        <line num="81" count="4" type="stmt"/>
        <line num="85" count="4" type="stmt"/>
        <line num="89" count="5" type="stmt"/>
        <line num="90" count="15" type="stmt"/>
        <line num="93" count="5" type="stmt"/>
        <line num="95" count="5" type="stmt"/>
        <line num="96" count="5" type="stmt"/>
        <line num="101" count="5" type="stmt"/>
        <line num="105" count="4" type="stmt"/>
        <line num="110" count="4" type="stmt"/>
        <line num="114" count="25" type="cond" truecount="2" falsecount="0"/>
        <line num="115" count="19" type="stmt"/>
        <line num="122" count="25" type="stmt"/>
        <line num="123" count="25" type="stmt"/>
        <line num="132" count="25" type="stmt"/>
        <line num="133" count="101" type="stmt"/>
        <line num="134" count="101" type="stmt"/>
        <line num="138" count="25" type="stmt"/>
        <line num="140" count="25" type="stmt"/>
        <line num="148" count="2" type="stmt"/>
        <line num="149" count="2" type="stmt"/>
        <line num="150" count="2" type="stmt"/>
        <line num="151" count="2" type="stmt"/>
        <line num="153" count="2" type="cond" truecount="2" falsecount="0"/>
        <line num="154" count="1" type="stmt"/>
        <line num="158" count="1" type="stmt"/>
        <line num="162" count="28" type="stmt"/>
        <line num="170" count="28" type="stmt"/>
        <line num="173" count="28" type="stmt"/>
        <line num="176" count="1" type="stmt"/>
        <line num="178" count="15" type="stmt"/>
      </file>
      <file name="promise-maker.js" path="/Users/ajwhatling/coding/photography/src/promise-maker.js">
        <metrics statements="1" coveredstatements="0" conditionals="0" coveredconditionals="0" methods="1" coveredmethods="0"/>
        <line num="3" count="0" type="stmt"/>
      </file>
      <file name="state-utilities.js" path="/Users/ajwhatling/coding/photography/src/state-utilities.js">
        <metrics statements="8" coveredstatements="8" conditionals="4" coveredconditionals="4" methods="2" coveredmethods="2"/>
        <line num="2" count="2" type="stmt"/>
        <line num="3" count="2" type="stmt"/>
        <line num="7" count="138" type="cond" truecount="2" falsecount="0"/>
        <line num="8" count="32" type="stmt"/>
        <line num="11" count="138" type="cond" truecount="2" falsecount="0"/>
        <line num="12" count="2" type="stmt"/>
        <line num="14" count="136" type="stmt"/>
        <line num="17" count="138" type="stmt"/>
      </file>
      <file name="transform-utilities.js" path="/Users/ajwhatling/coding/photography/src/transform-utilities.js">
        <metrics statements="3" coveredstatements="3" conditionals="0" coveredconditionals="0" methods="2" coveredmethods="2"/>
        <line num="2" count="102" type="stmt"/>
        <line num="4" count="327" type="stmt"/>
        <line num="8" count="2" type="stmt"/>
      </file>
    </package>
    <package name="src.components">
      <metrics statements="17" coveredstatements="13" conditionals="8" coveredconditionals="4" methods="9" coveredmethods="8"/>
      <file name="Thumb.jsx" path="/Users/ajwhatling/coding/photography/src/components/Thumb.jsx">
        <metrics statements="5" coveredstatements="5" conditionals="2" coveredconditionals="2" methods="3" coveredmethods="3"/>
        <line num="4" count="7" type="stmt"/>
        <line num="10" count="7" type="cond" truecount="2" falsecount="0"/>
        <line num="13" count="7" type="stmt"/>
        <line num="15" count="7" type="stmt"/>
        <line num="20" count="7" type="stmt"/>
      </file>
      <file name="TransitionableThumb.jsx" path="/Users/ajwhatling/coding/photography/src/components/TransitionableThumb.jsx">
        <metrics statements="12" coveredstatements="8" conditionals="6" coveredconditionals="2" methods="6" coveredmethods="5"/>
        <line num="5" count="10" type="stmt"/>
        <line num="6" count="10" type="stmt"/>
        <line num="10" count="0" type="cond" truecount="0" falsecount="2"/>
        <line num="11" count="0" type="stmt"/>
        <line num="18" count="10" type="stmt"/>
        <line num="31" count="10" type="stmt"/>
        <line num="36" count="10" type="cond" truecount="1" falsecount="1"/>
        <line num="37" count="10" type="stmt"/>
        <line num="41" count="0" type="stmt"/>
        <line num="45" count="10" type="cond" truecount="1" falsecount="1"/>
        <line num="46" count="0" type="stmt"/>
        <line num="50" count="10" type="stmt"/>
      </file>
    </package>
    <package name="src.view-strategies">
      <metrics statements="68" coveredstatements="65" conditionals="24" coveredconditionals="23" methods="16" coveredmethods="13"/>
      <file name="by-collection.js" path="/Users/ajwhatling/coding/photography/src/view-strategies/by-collection.js">
        <metrics statements="25" coveredstatements="24" conditionals="6" coveredconditionals="6" methods="4" coveredmethods="3"/>
        <line num="3" count="0" type="stmt"/>
        <line num="7" count="4" type="stmt"/>
        <line num="8" count="4" type="stmt"/>
        <line num="12" count="1" type="stmt"/>
        <line num="16" count="23" type="stmt"/>
        <line num="17" count="23" type="cond" truecount="2" falsecount="0"/>
        <line num="18" count="1" type="stmt"/>
        <line num="21" count="23" type="stmt"/>
        <line num="23" count="23" type="stmt"/>
        <line num="25" count="23" type="stmt"/>
        <line num="26" count="42" type="stmt"/>
        <line num="27" count="42" type="stmt"/>
        <line num="29" count="42" type="stmt"/>
        <line num="30" count="42" type="stmt"/>
        <line num="32" count="42" type="stmt"/>
        <line num="33" count="71" type="stmt"/>
        <line num="35" count="71" type="stmt"/>
        <line num="37" count="71" type="stmt"/>
        <line num="39" count="71" type="cond" truecount="2" falsecount="0"/>
        <line num="40" count="14" type="stmt"/>
        <line num="41" count="14" type="stmt"/>
        <line num="44" count="42" type="stmt"/>
        <line num="46" count="42" type="cond" truecount="2" falsecount="0"/>
        <line num="47" count="14" type="stmt"/>
        <line num="51" count="23" type="stmt"/>
      </file>
      <file name="collection-in-group.js" path="/Users/ajwhatling/coding/photography/src/view-strategies/collection-in-group.js">
        <metrics statements="11" coveredstatements="10" conditionals="2" coveredconditionals="2" methods="6" coveredmethods="5"/>
        <line num="3" count="0" type="stmt"/>
        <line num="7" count="3" type="stmt"/>
        <line num="8" count="3" type="stmt"/>
        <line num="12" count="3" type="stmt"/>
        <line num="13" count="3" type="stmt"/>
        <line num="14" count="22" type="stmt"/>
        <line num="16" count="3" type="stmt"/>
        <line num="18" count="3" type="cond" truecount="2" falsecount="0"/>
        <line num="19" count="1" type="stmt"/>
        <line num="22" count="6" type="stmt"/>
        <line num="26" count="3" type="stmt"/>
      </file>
      <file name="newest-photos.js" path="/Users/ajwhatling/coding/photography/src/view-strategies/newest-photos.js">
        <metrics statements="32" coveredstatements="31" conditionals="16" coveredconditionals="15" methods="6" coveredmethods="5"/>
        <line num="5" count="0" type="stmt"/>
        <line num="9" count="8" type="stmt"/>
        <line num="10" count="8" type="stmt"/>
        <line num="11" count="8" type="stmt"/>
        <line num="15" count="2" type="stmt"/>
        <line num="19" count="136" type="cond" truecount="4" falsecount="0"/>
        <line num="20" count="8" type="stmt"/>
        <line num="22" count="128" type="cond" truecount="2" falsecount="0"/>
        <line num="23" count="24" type="stmt"/>
        <line num="25" count="104" type="cond" truecount="2" falsecount="0"/>
        <line num="26" count="24" type="stmt"/>
        <line num="29" count="80" type="stmt"/>
        <line num="33" count="14" type="cond" truecount="2" falsecount="0"/>
        <line num="34" count="8" type="stmt"/>
        <line num="40" count="8" type="stmt"/>
        <line num="43" count="14" type="stmt"/>
        <line num="45" count="14" type="stmt"/>
        <line num="46" count="14" type="stmt"/>
        <line num="48" count="14" type="stmt"/>
        <line num="49" count="84" type="cond" truecount="2" falsecount="0"/>
        <line num="50" count="45" type="stmt"/>
        <line num="51" count="45" type="stmt"/>
        <line num="53" count="45" type="stmt"/>
        <line num="54" count="45" type="cond" truecount="1" falsecount="1"/>
        <line num="56" count="45" type="stmt"/>
        <line num="57" count="45" type="stmt"/>
        <line num="59" count="45" type="stmt"/>
        <line num="61" count="45" type="stmt"/>
        <line num="62" count="120" type="cond" truecount="2" falsecount="0"/>
        <line num="63" count="115" type="stmt"/>
        <line num="65" count="115" type="stmt"/>
        <line num="70" count="84" type="stmt"/>
      </file>
    </package>
  </project>
</coverage>
