{"/Users/ajwhatling/coding/photography/src/App.jsx": {"path":"/Users/ajwhatling/coding/photography/src/App.jsx","statementMap":{"0":{"start":{"line":5,"column":15},"end":{"line":10,"column":1}},"1":{"start":{"line":13,"column":2},"end":{"line":13,"column":19}},"2":{"start":{"line":17,"column":2},"end":{"line":35,"column":5}},"3":{"start":{"line":18,"column":23},"end":{"line":23,"column":5}},"4":{"start":{"line":24,"column":23},"end":{"line":27,"column":5}},"5":{"start":{"line":28,"column":23},"end":{"line":28,"column":70}},"6":{"start":{"line":30,"column":4},"end":{"line":34,"column":6}},"7":{"start":{"line":39,"column":2},"end":{"line":54,"column":5}},"8":{"start":{"line":40,"column":21},"end":{"line":40,"column":37}},"9":{"start":{"line":42,"column":4},"end":{"line":53,"column":6}},"10":{"start":{"line":58,"column":2},"end":{"line":62,"column":5}},"11":{"start":{"line":59,"column":4},"end":{"line":61,"column":9}},"12":{"start":{"line":66,"column":2},"end":{"line":66,"column":110}},"13":{"start":{"line":66,"column":57},"end":{"line":66,"column":104}},"14":{"start":{"line":70,"column":17},"end":{"line":70,"column":29}},"15":{"start":{"line":71,"column":24},"end":{"line":71,"column":43}},"16":{"start":{"line":72,"column":23},"end":{"line":72,"column":54}},"17":{"start":{"line":73,"column":17},"end":{"line":73,"column":45}},"18":{"start":{"line":75,"column":2},"end":{"line":94,"column":3}},"19":{"start":{"line":76,"column":24},"end":{"line":76,"column":56}},"20":{"start":{"line":78,"column":4},"end":{"line":93,"column":6}},"21":{"start":{"line":82,"column":12},"end":{"line":89,"column":17}},"22":{"start":{"line":84,"column":31},"end":{"line":84,"column":66}},"23":{"start":{"line":85,"column":34},"end":{"line":85,"column":69}},"24":{"start":{"line":96,"column":2},"end":{"line":96,"column":71}},"25":{"start":{"line":101,"column":4},"end":{"line":101,"column":31}},"26":{"start":{"line":105,"column":4},"end":{"line":123,"column":6}}},"fnMap":{"0":{"name":"_toBase64","decl":{"start":{"line":12,"column":9},"end":{"line":12,"column":18}},"loc":{"start":{"line":12,"column":24},"end":{"line":14,"column":1}},"line":12},"1":{"name":"getItems","decl":{"start":{"line":16,"column":9},"end":{"line":16,"column":17}},"loc":{"start":{"line":16,"column":52},"end":{"line":36,"column":1}},"line":16},"2":{"name":"(anonymous_2)","decl":{"start":{"line":17,"column":19},"end":{"line":17,"column":20}},"loc":{"start":{"line":17,"column":34},"end":{"line":35,"column":3}},"line":17},"3":{"name":"getCollections","decl":{"start":{"line":38,"column":9},"end":{"line":38,"column":23}},"loc":{"start":{"line":38,"column":52},"end":{"line":55,"column":1}},"line":38},"4":{"name":"(anonymous_4)","decl":{"start":{"line":39,"column":25},"end":{"line":39,"column":26}},"loc":{"start":{"line":39,"column":37},"end":{"line":54,"column":3}},"line":39},"5":{"name":"getGroups","decl":{"start":{"line":57,"column":9},"end":{"line":57,"column":18}},"loc":{"start":{"line":57,"column":35},"end":{"line":63,"column":1}},"line":57},"6":{"name":"(anonymous_6)","decl":{"start":{"line":58,"column":20},"end":{"line":58,"column":21}},"loc":{"start":{"line":59,"column":4},"end":{"line":61,"column":9}},"line":59},"7":{"name":"getCollectionsFromGroups","decl":{"start":{"line":65,"column":9},"end":{"line":65,"column":33}},"loc":{"start":{"line":65,"column":42},"end":{"line":67,"column":1}},"line":65},"8":{"name":"(anonymous_8)","decl":{"start":{"line":66,"column":23},"end":{"line":66,"column":24}},"loc":{"start":{"line":66,"column":57},"end":{"line":66,"column":104}},"line":66},"9":{"name":"getPhotoThingsToRender","decl":{"start":{"line":69,"column":9},"end":{"line":69,"column":31}},"loc":{"start":{"line":69,"column":39},"end":{"line":97,"column":1}},"line":69},"10":{"name":"(anonymous_10)","decl":{"start":{"line":81,"column":26},"end":{"line":81,"column":27}},"loc":{"start":{"line":82,"column":12},"end":{"line":89,"column":17}},"line":82},"11":{"name":"(anonymous_11)","decl":{"start":{"line":84,"column":25},"end":{"line":84,"column":26}},"loc":{"start":{"line":84,"column":31},"end":{"line":84,"column":66}},"line":84},"12":{"name":"(anonymous_12)","decl":{"start":{"line":85,"column":28},"end":{"line":85,"column":29}},"loc":{"start":{"line":85,"column":34},"end":{"line":85,"column":69}},"line":85},"13":{"name":"(anonymous_13)","decl":{"start":{"line":100,"column":2},"end":{"line":100,"column":3}},"loc":{"start":{"line":100,"column":22},"end":{"line":102,"column":3}},"line":100},"14":{"name":"(anonymous_14)","decl":{"start":{"line":104,"column":2},"end":{"line":104,"column":3}},"loc":{"start":{"line":104,"column":11},"end":{"line":124,"column":3}},"line":104}},"branchMap":{"0":{"loc":{"start":{"line":75,"column":2},"end":{"line":94,"column":3}},"type":"if","locations":[{"start":{"line":75,"column":2},"end":{"line":94,"column":3}},{"start":{},"end":{}}],"line":75}},"s":{"0":2,"1":0,"2":0,"3":0,"4":0,"5":0,"6":0,"7":0,"8":0,"9":0,"10":0,"11":0,"12":0,"13":0,"14":0,"15":0,"16":0,"17":0,"18":0,"19":0,"20":0,"21":0,"22":0,"23":0,"24":0,"25":0,"26":0},"f":{"0":0,"1":0,"2":0,"3":0,"4":0,"5":0,"6":0,"7":0,"8":0,"9":0,"10":0,"11":0,"12":0,"13":0,"14":0},"b":{"0":[0,0]},"_coverageSchema":"1a1c01bbd47fc00a2c39e90264f33305004495a9","hash":"7b78dbdbaffc43f0804942818bd5fee0029a2ddc"}
,"/Users/ajwhatling/coding/photography/src/data-detangler.js": {"path":"/Users/ajwhatling/coding/photography/src/data-detangler.js","statementMap":{"0":{"start":{"line":3,"column":4},"end":{"line":3,"column":21}},"1":{"start":{"line":7,"column":27},"end":{"line":25,"column":10}},"2":{"start":{"line":8,"column":24},"end":{"line":8,"column":31}},"3":{"start":{"line":10,"column":6},"end":{"line":22,"column":9}},"4":{"start":{"line":11,"column":25},"end":{"line":11,"column":26}},"5":{"start":{"line":12,"column":24},"end":{"line":12,"column":46}},"6":{"start":{"line":14,"column":8},"end":{"line":19,"column":9}},"7":{"start":{"line":15,"column":10},"end":{"line":18,"column":12}},"8":{"start":{"line":21,"column":8},"end":{"line":21,"column":49}},"9":{"start":{"line":24,"column":6},"end":{"line":24,"column":25}},"10":{"start":{"line":27,"column":26},"end":{"line":28,"column":34}},"11":{"start":{"line":28,"column":16},"end":{"line":28,"column":33}},"12":{"start":{"line":30,"column":4},"end":{"line":30,"column":40}},"13":{"start":{"line":34,"column":4},"end":{"line":52,"column":7}},"14":{"start":{"line":35,"column":6},"end":{"line":51,"column":9}},"15":{"start":{"line":36,"column":38},"end":{"line":47,"column":10}},"16":{"start":{"line":37,"column":10},"end":{"line":41,"column":11}},"17":{"start":{"line":38,"column":12},"end":{"line":38,"column":45}},"18":{"start":{"line":40,"column":12},"end":{"line":40,"column":48}},"19":{"start":{"line":43,"column":10},"end":{"line":43,"column":32}},"20":{"start":{"line":50,"column":8},"end":{"line":50,"column":47}},"21":{"start":{"line":54,"column":4},"end":{"line":54,"column":36}},"22":{"start":{"line":58,"column":4},"end":{"line":58,"column":21}},"23":{"start":{"line":63,"column":26},"end":{"line":63,"column":45}}},"fnMap":{"0":{"name":"(anonymous_0)","decl":{"start":{"line":2,"column":2},"end":{"line":2,"column":3}},"loc":{"start":{"line":2,"column":20},"end":{"line":4,"column":3}},"line":2},"1":{"name":"(anonymous_1)","decl":{"start":{"line":6,"column":2},"end":{"line":6,"column":3}},"loc":{"start":{"line":6,"column":26},"end":{"line":31,"column":3}},"line":6},"2":{"name":"(anonymous_2)","decl":{"start":{"line":7,"column":44},"end":{"line":7,"column":45}},"loc":{"start":{"line":7,"column":64},"end":{"line":25,"column":5}},"line":7},"3":{"name":"(anonymous_3)","decl":{"start":{"line":10,"column":28},"end":{"line":10,"column":29}},"loc":{"start":{"line":10,"column":35},"end":{"line":22,"column":7}},"line":10},"4":{"name":"(anonymous_4)","decl":{"start":{"line":28,"column":11},"end":{"line":28,"column":12}},"loc":{"start":{"line":28,"column":16},"end":{"line":28,"column":33}},"line":28},"5":{"name":"(anonymous_5)","decl":{"start":{"line":33,"column":2},"end":{"line":33,"column":3}},"loc":{"start":{"line":33,"column":20},"end":{"line":55,"column":3}},"line":33},"6":{"name":"(anonymous_6)","decl":{"start":{"line":34,"column":22},"end":{"line":34,"column":23}},"loc":{"start":{"line":34,"column":29},"end":{"line":52,"column":5}},"line":34},"7":{"name":"(anonymous_7)","decl":{"start":{"line":35,"column":28},"end":{"line":35,"column":29}},"loc":{"start":{"line":35,"column":35},"end":{"line":51,"column":7}},"line":35},"8":{"name":"(anonymous_8)","decl":{"start":{"line":36,"column":53},"end":{"line":36,"column":54}},"loc":{"start":{"line":36,"column":79},"end":{"line":44,"column":9}},"line":36},"9":{"name":"(anonymous_9)","decl":{"start":{"line":57,"column":2},"end":{"line":57,"column":3}},"loc":{"start":{"line":57,"column":11},"end":{"line":59,"column":3}},"line":57},"10":{"name":"(anonymous_10)","decl":{"start":{"line":63,"column":18},"end":{"line":63,"column":19}},"loc":{"start":{"line":63,"column":26},"end":{"line":63,"column":45}},"line":63}},"branchMap":{"0":{"loc":{"start":{"line":14,"column":8},"end":{"line":19,"column":9}},"type":"if","locations":[{"start":{"line":14,"column":8},"end":{"line":19,"column":9}},{"start":{},"end":{}}],"line":14},"1":{"loc":{"start":{"line":37,"column":10},"end":{"line":41,"column":11}},"type":"if","locations":[{"start":{"line":37,"column":10},"end":{"line":41,"column":11}},{"start":{"line":39,"column":17},"end":{"line":41,"column":11}}],"line":37},"2":{"loc":{"start":{"line":37,"column":14},"end":{"line":37,"column":57}},"type":"binary-expr","locations":[{"start":{"line":37,"column":14},"end":{"line":37,"column":23}},{"start":{"line":37,"column":27},"end":{"line":37,"column":57}}],"line":37}},"s":{"0":116,"1":39,"2":117,"3":117,"4":150,"5":150,"6":150,"7":148,"8":150,"9":117,"10":39,"11":148,"12":39,"13":37,"14":133,"15":133,"16":383,"17":1,"18":382,"19":383,"20":133,"21":37,"22":40,"23":40},"f":{"0":116,"1":39,"2":117,"3":150,"4":148,"5":37,"6":133,"7":133,"8":383,"9":40,"10":40},"b":{"0":[148,2],"1":[1,382],"2":[383,253]},"_coverageSchema":"1a1c01bbd47fc00a2c39e90264f33305004495a9","hash":"b851204b4dd7706955365f96ced27c6f2d6e23f3"}
,"/Users/ajwhatling/coding/photography/src/image-utilities.js": {"path":"/Users/ajwhatling/coding/photography/src/image-utilities.js","statementMap":{"0":{"start":{"line":1,"column":20},"end":{"line":1,"column":23}},"1":{"start":{"line":2,"column":18},"end":{"line":2,"column":21}},"2":{"start":{"line":3,"column":20},"end":{"line":3,"column":23}},"3":{"start":{"line":5,"column":14},"end":{"line":7,"column":1}},"4":{"start":{"line":10,"column":2},"end":{"line":10,"column":36}},"5":{"start":{"line":14,"column":24},"end":{"line":14,"column":33}},"6":{"start":{"line":16,"column":2},"end":{"line":20,"column":3}},"7":{"start":{"line":17,"column":4},"end":{"line":17,"column":34}},"8":{"start":{"line":18,"column":9},"end":{"line":20,"column":3}},"9":{"start":{"line":19,"column":4},"end":{"line":19,"column":34}},"10":{"start":{"line":22,"column":2},"end":{"line":22,"column":25}},"11":{"start":{"line":26,"column":22},"end":{"line":26,"column":42}},"12":{"start":{"line":28,"column":2},"end":{"line":31,"column":4}},"13":{"start":{"line":35,"column":2},"end":{"line":35,"column":44}}},"fnMap":{"0":{"name":"isTallImage","decl":{"start":{"line":9,"column":9},"end":{"line":9,"column":20}},"loc":{"start":{"line":9,"column":28},"end":{"line":11,"column":1}},"line":9},"1":{"name":"nextScale","decl":{"start":{"line":13,"column":9},"end":{"line":13,"column":18}},"loc":{"start":{"line":13,"column":30},"end":{"line":23,"column":1}},"line":13},"2":{"name":"nextScaleOfImage","decl":{"start":{"line":25,"column":9},"end":{"line":25,"column":25}},"loc":{"start":{"line":25,"column":44},"end":{"line":32,"column":1}},"line":25},"3":{"name":"previousScale","decl":{"start":{"line":34,"column":9},"end":{"line":34,"column":22}},"loc":{"start":{"line":34,"column":37},"end":{"line":36,"column":1}},"line":34}},"branchMap":{"0":{"loc":{"start":{"line":16,"column":2},"end":{"line":20,"column":3}},"type":"if","locations":[{"start":{"line":16,"column":2},"end":{"line":20,"column":3}},{"start":{"line":18,"column":9},"end":{"line":20,"column":3}}],"line":16},"1":{"loc":{"start":{"line":18,"column":9},"end":{"line":20,"column":3}},"type":"if","locations":[{"start":{"line":18,"column":9},"end":{"line":20,"column":3}},{"start":{},"end":{}}],"line":18}},"s":{"0":1,"1":1,"2":1,"3":1,"4":3,"5":12,"6":12,"7":4,"8":8,"9":4,"10":12,"11":3,"12":3,"13":3},"f":{"0":3,"1":12,"2":3,"3":3},"b":{"0":[4,8],"1":[4,4]},"_coverageSchema":"1a1c01bbd47fc00a2c39e90264f33305004495a9","hash":"1a82ae03d8462a9027037f623e597e007dff5c84"}
,"/Users/ajwhatling/coding/photography/src/nouns-and-verbs.js": {"path":"/Users/ajwhatling/coding/photography/src/nouns-and-verbs.js","statementMap":{"0":{"start":{"line":12,"column":25},"end":{"line":12,"column":52}},"1":{"start":{"line":13,"column":25},"end":{"line":13,"column":65}},"2":{"start":{"line":14,"column":10},"end":{"line":14,"column":12}},"3":{"start":{"line":17,"column":2},"end":{"line":22,"column":5}},"4":{"start":{"line":19,"column":4},"end":{"line":19,"column":32}},"5":{"start":{"line":21,"column":4},"end":{"line":21,"column":30}},"6":{"start":{"line":25,"column":17},"end":{"line":26,"column":1}},"7":{"start":{"line":29,"column":2},"end":{"line":29,"column":40}},"8":{"start":{"line":31,"column":2},"end":{"line":36,"column":5}},"9":{"start":{"line":40,"column":58},"end":{"line":41,"column":14}},"10":{"start":{"line":42,"column":25},"end":{"line":42,"column":47}},"11":{"start":{"line":43,"column":21},"end":{"line":45,"column":110}},"12":{"start":{"line":44,"column":20},"end":{"line":45,"column":94}},"13":{"start":{"line":45,"column":33},"end":{"line":45,"column":93}},"14":{"start":{"line":47,"column":29},"end":{"line":47,"column":81}},"15":{"start":{"line":47,"column":61},"end":{"line":47,"column":80}},"16":{"start":{"line":48,"column":23},"end":{"line":48,"column":59}},"17":{"start":{"line":49,"column":20},"end":{"line":49,"column":39}},"18":{"start":{"line":51,"column":2},"end":{"line":54,"column":3}},"19":{"start":{"line":52,"column":4},"end":{"line":52,"column":57}},"20":{"start":{"line":53,"column":4},"end":{"line":53,"column":11}},"21":{"start":{"line":56,"column":2},"end":{"line":56,"column":43}},"22":{"start":{"line":57,"column":2},"end":{"line":57,"column":40}},"23":{"start":{"line":59,"column":2},"end":{"line":76,"column":7}},"24":{"start":{"line":61,"column":6},"end":{"line":75,"column":11}},"25":{"start":{"line":62,"column":8},"end":{"line":68,"column":16}},"26":{"start":{"line":63,"column":10},"end":{"line":63,"column":45}},"27":{"start":{"line":64,"column":10},"end":{"line":64,"column":59}},"28":{"start":{"line":66,"column":10},"end":{"line":66,"column":21}},"29":{"start":{"line":67,"column":10},"end":{"line":67,"column":20}},"30":{"start":{"line":71,"column":10},"end":{"line":71,"column":34}},"31":{"start":{"line":72,"column":10},"end":{"line":72,"column":31}},"32":{"start":{"line":74,"column":10},"end":{"line":74,"column":21}},"33":{"start":{"line":80,"column":2},"end":{"line":80,"column":62}},"34":{"start":{"line":81,"column":2},"end":{"line":84,"column":5}},"35":{"start":{"line":85,"column":2},"end":{"line":85,"column":13}},"36":{"start":{"line":89,"column":26},"end":{"line":92,"column":3}},"37":{"start":{"line":90,"column":18},"end":{"line":90,"column":113}},"38":{"start":{"line":90,"column":74},"end":{"line":90,"column":109}},"39":{"start":{"line":93,"column":32},"end":{"line":93,"column":69}},"40":{"start":{"line":95,"column":2},"end":{"line":95,"column":46}},"41":{"start":{"line":96,"column":2},"end":{"line":99,"column":5}},"42":{"start":{"line":101,"column":2},"end":{"line":101,"column":13}},"43":{"start":{"line":105,"column":2},"end":{"line":108,"column":5}},"44":{"start":{"line":110,"column":2},"end":{"line":110,"column":13}},"45":{"start":{"line":114,"column":2},"end":{"line":118,"column":3}},"46":{"start":{"line":115,"column":4},"end":{"line":117,"column":7}},"47":{"start":{"line":122,"column":23},"end":{"line":122,"column":35}},"48":{"start":{"line":123,"column":19},"end":{"line":130,"column":3}},"49":{"start":{"line":132,"column":2},"end":{"line":136,"column":5}},"50":{"start":{"line":133,"column":4},"end":{"line":135,"column":7}},"51":{"start":{"line":134,"column":6},"end":{"line":134,"column":66}},"52":{"start":{"line":138,"column":18},"end":{"line":138,"column":52}},"53":{"start":{"line":140,"column":2},"end":{"line":144,"column":4}},"54":{"start":{"line":148,"column":17},"end":{"line":148,"column":34}},"55":{"start":{"line":149,"column":18},"end":{"line":149,"column":32}},"56":{"start":{"line":150,"column":21},"end":{"line":150,"column":38}},"57":{"start":{"line":151,"column":24},"end":{"line":151,"column":55}},"58":{"start":{"line":153,"column":2},"end":{"line":155,"column":3}},"59":{"start":{"line":154,"column":4},"end":{"line":154,"column":15}},"60":{"start":{"line":158,"column":0},"end":{"line":158,"column":18}},"61":{"start":{"line":162,"column":4},"end":{"line":168,"column":7}},"62":{"start":{"line":170,"column":4},"end":{"line":170,"column":47}},"63":{"start":{"line":173,"column":4},"end":{"line":173,"column":13}},"64":{"start":{"line":176,"column":30},"end":{"line":176,"column":59}},"65":{"start":{"line":178,"column":21},"end":{"line":178,"column":33}}},"fnMap":{"0":{"name":"doRender","decl":{"start":{"line":16,"column":9},"end":{"line":16,"column":17}},"loc":{"start":{"line":16,"column":20},"end":{"line":23,"column":1}},"line":16},"1":{"name":"(anonymous_1)","decl":{"start":{"line":17,"column":35},"end":{"line":17,"column":36}},"loc":{"start":{"line":17,"column":48},"end":{"line":22,"column":3}},"line":17},"2":{"name":"(anonymous_2)","decl":{"start":{"line":25,"column":17},"end":{"line":25,"column":18}},"loc":{"start":{"line":25,"column":23},"end":{"line":26,"column":1}},"line":25},"3":{"name":"resetEverything","decl":{"start":{"line":28,"column":9},"end":{"line":28,"column":24}},"loc":{"start":{"line":28,"column":27},"end":{"line":37,"column":1}},"line":28},"4":{"name":"whenThumbClicked","decl":{"start":{"line":39,"column":9},"end":{"line":39,"column":25}},"loc":{"start":{"line":39,"column":32},"end":{"line":77,"column":1}},"line":39},"5":{"name":"(anonymous_5)","decl":{"start":{"line":44,"column":15},"end":{"line":44,"column":16}},"loc":{"start":{"line":44,"column":20},"end":{"line":45,"column":94}},"line":44},"6":{"name":"(anonymous_6)","decl":{"start":{"line":45,"column":28},"end":{"line":45,"column":29}},"loc":{"start":{"line":45,"column":33},"end":{"line":45,"column":93}},"line":45},"7":{"name":"(anonymous_7)","decl":{"start":{"line":47,"column":56},"end":{"line":47,"column":57}},"loc":{"start":{"line":47,"column":61},"end":{"line":47,"column":80}},"line":47},"8":{"name":"(anonymous_8)","decl":{"start":{"line":60,"column":10},"end":{"line":60,"column":11}},"loc":{"start":{"line":60,"column":16},"end":{"line":76,"column":5}},"line":60},"9":{"name":"(anonymous_9)","decl":{"start":{"line":61,"column":32},"end":{"line":61,"column":33}},"loc":{"start":{"line":61,"column":45},"end":{"line":69,"column":7}},"line":61},"10":{"name":"(anonymous_10)","decl":{"start":{"line":62,"column":23},"end":{"line":62,"column":24}},"loc":{"start":{"line":62,"column":29},"end":{"line":68,"column":9}},"line":62},"11":{"name":"(anonymous_11)","decl":{"start":{"line":70,"column":14},"end":{"line":70,"column":15}},"loc":{"start":{"line":70,"column":20},"end":{"line":75,"column":9}},"line":70},"12":{"name":"whenBannerClicked","decl":{"start":{"line":79,"column":9},"end":{"line":79,"column":26}},"loc":{"start":{"line":79,"column":29},"end":{"line":86,"column":1}},"line":79},"13":{"name":"whenCollapseToGroupsClicked","decl":{"start":{"line":88,"column":9},"end":{"line":88,"column":36}},"loc":{"start":{"line":88,"column":39},"end":{"line":102,"column":1}},"line":88},"14":{"name":"(anonymous_14)","decl":{"start":{"line":90,"column":4},"end":{"line":90,"column":5}},"loc":{"start":{"line":90,"column":18},"end":{"line":90,"column":113}},"line":90},"15":{"name":"(anonymous_15)","decl":{"start":{"line":90,"column":47},"end":{"line":90,"column":48}},"loc":{"start":{"line":90,"column":74},"end":{"line":90,"column":109}},"line":90},"16":{"name":"whenCollectionNameClicked","decl":{"start":{"line":104,"column":9},"end":{"line":104,"column":34}},"loc":{"start":{"line":104,"column":51},"end":{"line":111,"column":1}},"line":104},"17":{"name":"setUpSorterAndTransformer","decl":{"start":{"line":113,"column":9},"end":{"line":113,"column":34}},"loc":{"start":{"line":113,"column":37},"end":{"line":119,"column":1}},"line":113},"18":{"name":"eventuallyRender","decl":{"start":{"line":121,"column":9},"end":{"line":121,"column":25}},"loc":{"start":{"line":121,"column":35},"end":{"line":145,"column":1}},"line":121},"19":{"name":"(anonymous_19)","decl":{"start":{"line":132,"column":26},"end":{"line":132,"column":27}},"loc":{"start":{"line":132,"column":33},"end":{"line":136,"column":3}},"line":132},"20":{"name":"(anonymous_20)","decl":{"start":{"line":133,"column":26},"end":{"line":133,"column":27}},"loc":{"start":{"line":133,"column":33},"end":{"line":135,"column":5}},"line":133},"21":{"name":"onContainerScroll","decl":{"start":{"line":147,"column":9},"end":{"line":147,"column":26}},"loc":{"start":{"line":147,"column":29},"end":{"line":156,"column":1}},"line":147},"22":{"name":"(anonymous_22)","decl":{"start":{"line":161,"column":17},"end":{"line":161,"column":18}},"loc":{"start":{"line":161,"column":30},"end":{"line":171,"column":3}},"line":161},"23":{"name":"(anonymous_23)","decl":{"start":{"line":172,"column":23},"end":{"line":172,"column":24}},"loc":{"start":{"line":172,"column":29},"end":{"line":174,"column":3}},"line":172},"24":{"name":"(anonymous_24)","decl":{"start":{"line":176,"column":9},"end":{"line":176,"column":10}},"loc":{"start":{"line":176,"column":30},"end":{"line":176,"column":59}},"line":176},"25":{"name":"(anonymous_25)","decl":{"start":{"line":178,"column":15},"end":{"line":178,"column":16}},"loc":{"start":{"line":178,"column":21},"end":{"line":178,"column":33}},"line":178}},"branchMap":{"0":{"loc":{"start":{"line":44,"column":20},"end":{"line":45,"column":94}},"type":"binary-expr","locations":[{"start":{"line":44,"column":20},"end":{"line":44,"column":41}},{"start":{"line":45,"column":9},"end":{"line":45,"column":94}}],"line":44},"1":{"loc":{"start":{"line":45,"column":33},"end":{"line":45,"column":93}},"type":"binary-expr","locations":[{"start":{"line":45,"column":33},"end":{"line":45,"column":64}},{"start":{"line":45,"column":68},"end":{"line":45,"column":93}}],"line":45},"2":{"loc":{"start":{"line":51,"column":2},"end":{"line":54,"column":3}},"type":"if","locations":[{"start":{"line":51,"column":2},"end":{"line":54,"column":3}},{"start":{},"end":{}}],"line":51},"3":{"loc":{"start":{"line":114,"column":2},"end":{"line":118,"column":3}},"type":"if","locations":[{"start":{"line":114,"column":2},"end":{"line":118,"column":3}},{"start":{},"end":{}}],"line":114},"4":{"loc":{"start":{"line":153,"column":2},"end":{"line":155,"column":3}},"type":"if","locations":[{"start":{"line":153,"column":2},"end":{"line":155,"column":3}},{"start":{},"end":{}}],"line":153}},"s":{"0":1,"1":1,"2":1,"3":38,"4":25,"5":25,"6":1,"7":29,"8":29,"9":2,"10":2,"11":2,"12":2,"13":2,"14":2,"15":3,"16":2,"17":2,"18":2,"19":1,"20":1,"21":1,"22":1,"23":1,"24":1,"25":1,"26":1,"27":1,"28":1,"29":1,"30":1,"31":1,"32":1,"33":4,"34":4,"35":4,"36":5,"37":15,"38":15,"39":5,"40":5,"41":5,"42":5,"43":4,"44":4,"45":25,"46":19,"47":25,"48":25,"49":25,"50":101,"51":101,"52":25,"53":25,"54":2,"55":2,"56":2,"57":2,"58":2,"59":1,"60":1,"61":28,"62":28,"63":28,"64":1,"65":15},"f":{"0":38,"1":25,"2":0,"3":29,"4":2,"5":2,"6":2,"7":3,"8":1,"9":1,"10":1,"11":1,"12":4,"13":5,"14":15,"15":15,"16":4,"17":25,"18":25,"19":101,"20":101,"21":2,"22":28,"23":28,"24":1,"25":15},"b":{"0":[2,2],"1":[2,2],"2":[1,1],"3":[19,6],"4":[1,1]},"_coverageSchema":"1a1c01bbd47fc00a2c39e90264f33305004495a9","hash":"dda5407fdde00e63530927113d015cbf257a8ac8"}
,"/Users/ajwhatling/coding/photography/src/promise-maker.js": {"path":"/Users/ajwhatling/coding/photography/src/promise-maker.js","statementMap":{"0":{"start":{"line":3,"column":4},"end":{"line":3,"column":40}}},"fnMap":{"0":{"name":"(anonymous_0)","decl":{"start":{"line":2,"column":2},"end":{"line":2,"column":3}},"loc":{"start":{"line":2,"column":39},"end":{"line":4,"column":3}},"line":2}},"branchMap":{},"s":{"0":0},"f":{"0":0},"b":{},"_coverageSchema":"1a1c01bbd47fc00a2c39e90264f33305004495a9","hash":"8ae3de58ca647f8e6e1aad3f0ea7668c92ec57bb"}
,"/Users/ajwhatling/coding/photography/src/state-utilities.js": {"path":"/Users/ajwhatling/coding/photography/src/state-utilities.js","statementMap":{"0":{"start":{"line":2,"column":2},"end":{"line":2,"column":56}},"1":{"start":{"line":3,"column":2},"end":{"line":3,"column":20}},"2":{"start":{"line":7,"column":2},"end":{"line":9,"column":3}},"3":{"start":{"line":8,"column":4},"end":{"line":8,"column":54}},"4":{"start":{"line":11,"column":2},"end":{"line":15,"column":3}},"5":{"start":{"line":12,"column":4},"end":{"line":12,"column":66}},"6":{"start":{"line":14,"column":4},"end":{"line":14,"column":58}},"7":{"start":{"line":17,"column":2},"end":{"line":17,"column":20}}},"fnMap":{"0":{"name":"stator","decl":{"start":{"line":1,"column":9},"end":{"line":1,"column":15}},"loc":{"start":{"line":1,"column":27},"end":{"line":4,"column":1}},"line":1},"1":{"name":"statorWithReset","decl":{"start":{"line":6,"column":9},"end":{"line":6,"column":24}},"loc":{"start":{"line":6,"column":43},"end":{"line":18,"column":1}},"line":6}},"branchMap":{"0":{"loc":{"start":{"line":7,"column":2},"end":{"line":9,"column":3}},"type":"if","locations":[{"start":{"line":7,"column":2},"end":{"line":9,"column":3}},{"start":{},"end":{}}],"line":7},"1":{"loc":{"start":{"line":11,"column":2},"end":{"line":15,"column":3}},"type":"if","locations":[{"start":{"line":11,"column":2},"end":{"line":15,"column":3}},{"start":{"line":13,"column":9},"end":{"line":15,"column":3}}],"line":11}},"s":{"0":2,"1":2,"2":138,"3":32,"4":138,"5":2,"6":136,"7":138},"f":{"0":2,"1":138},"b":{"0":[32,106],"1":[2,136]},"_coverageSchema":"1a1c01bbd47fc00a2c39e90264f33305004495a9","hash":"0cfc400de243e38ed368ad7f28cba94d795049ec"}
,"/Users/ajwhatling/coding/photography/src/transform-utilities.js": {"path":"/Users/ajwhatling/coding/photography/src/transform-utilities.js","statementMap":{"0":{"start":{"line":2,"column":2},"end":{"line":5,"column":5}},"1":{"start":{"line":4,"column":4},"end":{"line":4,"column":27}},"2":{"start":{"line":8,"column":27},"end":{"line":10,"column":1}}},"fnMap":{"0":{"name":"injectOnClick","decl":{"start":{"line":1,"column":9},"end":{"line":1,"column":22}},"loc":{"start":{"line":1,"column":38},"end":{"line":6,"column":1}},"line":1},"1":{"name":"(anonymous_1)","decl":{"start":{"line":2,"column":15},"end":{"line":2,"column":16}},"loc":{"start":{"line":2,"column":25},"end":{"line":5,"column":3}},"line":2}},"branchMap":{},"s":{"0":102,"1":327,"2":2},"f":{"0":102,"1":327},"b":{},"_coverageSchema":"1a1c01bbd47fc00a2c39e90264f33305004495a9","hash":"a4253be70f2973b5dec79a4ace2a272f2a7fc8e7"}
,"/Users/ajwhatling/coding/photography/src/components/Thumb.jsx": {"path":"/Users/ajwhatling/coding/photography/src/components/Thumb.jsx","statementMap":{"0":{"start":{"line":4,"column":2},"end":{"line":6,"column":4}},"1":{"start":{"line":10,"column":15},"end":{"line":10,"column":36}},"2":{"start":{"line":13,"column":23},"end":{"line":13,"column":37}},"3":{"start":{"line":15,"column":2},"end":{"line":15,"column":38}},"4":{"start":{"line":20,"column":4},"end":{"line":28,"column":6}}},"fnMap":{"0":{"name":"createStyles","decl":{"start":{"line":3,"column":9},"end":{"line":3,"column":21}},"loc":{"start":{"line":3,"column":24},"end":{"line":7,"column":1}},"line":3},"1":{"name":"createTags","decl":{"start":{"line":9,"column":9},"end":{"line":9,"column":19}},"loc":{"start":{"line":9,"column":22},"end":{"line":16,"column":1}},"line":9},"2":{"name":"(anonymous_2)","decl":{"start":{"line":19,"column":2},"end":{"line":19,"column":3}},"loc":{"start":{"line":19,"column":11},"end":{"line":29,"column":3}},"line":19}},"branchMap":{"0":{"loc":{"start":{"line":10,"column":15},"end":{"line":10,"column":36}},"type":"binary-expr","locations":[{"start":{"line":10,"column":15},"end":{"line":10,"column":30}},{"start":{"line":10,"column":34},"end":{"line":10,"column":36}}],"line":10}},"s":{"0":7,"1":7,"2":7,"3":7,"4":7},"f":{"0":7,"1":7,"2":7},"b":{"0":[7,6]},"_coverageSchema":"1a1c01bbd47fc00a2c39e90264f33305004495a9","hash":"aa1759349822ba203e638818b4a3881e85b55110"}
,"/Users/ajwhatling/coding/photography/src/components/TransitionableThumb.jsx": {"path":"/Users/ajwhatling/coding/photography/src/components/TransitionableThumb.jsx","statementMap":{"0":{"start":{"line":5,"column":4},"end":{"line":5,"column":17}},"1":{"start":{"line":6,"column":4},"end":{"line":6,"column":40}},"2":{"start":{"line":10,"column":4},"end":{"line":14,"column":5}},"3":{"start":{"line":11,"column":6},"end":{"line":13,"column":9}},"4":{"start":{"line":18,"column":4},"end":{"line":27,"column":6}},"5":{"start":{"line":31,"column":4},"end":{"line":32,"column":17}},"6":{"start":{"line":36,"column":4},"end":{"line":40,"column":5}},"7":{"start":{"line":37,"column":6},"end":{"line":39,"column":8}},"8":{"start":{"line":41,"column":4},"end":{"line":41,"column":14}},"9":{"start":{"line":45,"column":4},"end":{"line":49,"column":5}},"10":{"start":{"line":46,"column":6},"end":{"line":48,"column":8}},"11":{"start":{"line":50,"column":4},"end":{"line":50,"column":14}}},"fnMap":{"0":{"name":"(anonymous_0)","decl":{"start":{"line":4,"column":2},"end":{"line":4,"column":3}},"loc":{"start":{"line":4,"column":21},"end":{"line":7,"column":3}},"line":4},"1":{"name":"(anonymous_1)","decl":{"start":{"line":9,"column":2},"end":{"line":9,"column":3}},"loc":{"start":{"line":9,"column":36},"end":{"line":15,"column":3}},"line":9},"2":{"name":"(anonymous_2)","decl":{"start":{"line":17,"column":2},"end":{"line":17,"column":3}},"loc":{"start":{"line":17,"column":11},"end":{"line":28,"column":3}},"line":17},"3":{"name":"(anonymous_3)","decl":{"start":{"line":30,"column":2},"end":{"line":30,"column":3}},"loc":{"start":{"line":30,"column":12},"end":{"line":33,"column":3}},"line":30},"4":{"name":"(anonymous_4)","decl":{"start":{"line":35,"column":2},"end":{"line":35,"column":3}},"loc":{"start":{"line":35,"column":23},"end":{"line":42,"column":3}},"line":35},"5":{"name":"(anonymous_5)","decl":{"start":{"line":44,"column":2},"end":{"line":44,"column":3}},"loc":{"start":{"line":44,"column":24},"end":{"line":51,"column":3}},"line":44}},"branchMap":{"0":{"loc":{"start":{"line":10,"column":4},"end":{"line":14,"column":5}},"type":"if","locations":[{"start":{"line":10,"column":4},"end":{"line":14,"column":5}},{"start":{},"end":{}}],"line":10},"1":{"loc":{"start":{"line":36,"column":4},"end":{"line":40,"column":5}},"type":"if","locations":[{"start":{"line":36,"column":4},"end":{"line":40,"column":5}},{"start":{},"end":{}}],"line":36},"2":{"loc":{"start":{"line":45,"column":4},"end":{"line":49,"column":5}},"type":"if","locations":[{"start":{"line":45,"column":4},"end":{"line":49,"column":5}},{"start":{},"end":{}}],"line":45}},"s":{"0":10,"1":10,"2":0,"3":0,"4":10,"5":10,"6":10,"7":10,"8":0,"9":10,"10":0,"11":10},"f":{"0":10,"1":0,"2":10,"3":10,"4":10,"5":10},"b":{"0":[0,0],"1":[10,0],"2":[0,10]},"_coverageSchema":"1a1c01bbd47fc00a2c39e90264f33305004495a9","hash":"fe93330b34a40c9fa51dc59131334f2ea3ee616b"}
,"/Users/ajwhatling/coding/photography/src/view-strategies/by-collection.js": {"path":"/Users/ajwhatling/coding/photography/src/view-strategies/by-collection.js","statementMap":{"0":{"start":{"line":3,"column":4},"end":{"line":3,"column":44}},"1":{"start":{"line":7,"column":4},"end":{"line":7,"column":25}},"2":{"start":{"line":8,"column":4},"end":{"line":8,"column":27}},"3":{"start":{"line":12,"column":4},"end":{"line":12,"column":27}},"4":{"start":{"line":16,"column":4},"end":{"line":16,"column":28}},"5":{"start":{"line":17,"column":4},"end":{"line":19,"column":5}},"6":{"start":{"line":18,"column":6},"end":{"line":18,"column":48}},"7":{"start":{"line":21,"column":26},"end":{"line":21,"column":27}},"8":{"start":{"line":23,"column":27},"end":{"line":23,"column":29}},"9":{"start":{"line":25,"column":4},"end":{"line":49,"column":5}},"10":{"start":{"line":25,"column":17},"end":{"line":25,"column":18}},"11":{"start":{"line":26,"column":31},"end":{"line":26,"column":57}},"12":{"start":{"line":27,"column":31},"end":{"line":27,"column":69}},"13":{"start":{"line":29,"column":24},"end":{"line":29,"column":29}},"14":{"start":{"line":30,"column":14},"end":{"line":30,"column":15}},"15":{"start":{"line":32,"column":6},"end":{"line":43,"column":7}},"16":{"start":{"line":33,"column":27},"end":{"line":33,"column":46}},"17":{"start":{"line":35,"column":8},"end":{"line":35,"column":54}},"18":{"start":{"line":37,"column":8},"end":{"line":37,"column":29}},"19":{"start":{"line":39,"column":8},"end":{"line":42,"column":9}},"20":{"start":{"line":40,"column":10},"end":{"line":40,"column":29}},"21":{"start":{"line":41,"column":10},"end":{"line":41,"column":16}},"22":{"start":{"line":44,"column":6},"end":{"line":44,"column":44}},"23":{"start":{"line":46,"column":6},"end":{"line":48,"column":7}},"24":{"start":{"line":47,"column":8},"end":{"line":47,"column":14}},"25":{"start":{"line":51,"column":4},"end":{"line":51,"column":26}}},"fnMap":{"0":{"name":"(anonymous_0)","decl":{"start":{"line":2,"column":2},"end":{"line":2,"column":3}},"loc":{"start":{"line":2,"column":24},"end":{"line":4,"column":3}},"line":2},"1":{"name":"(anonymous_1)","decl":{"start":{"line":6,"column":2},"end":{"line":6,"column":3}},"loc":{"start":{"line":6,"column":22},"end":{"line":9,"column":3}},"line":6},"2":{"name":"(anonymous_2)","decl":{"start":{"line":11,"column":2},"end":{"line":11,"column":3}},"loc":{"start":{"line":11,"column":10},"end":{"line":13,"column":3}},"line":11},"3":{"name":"(anonymous_3)","decl":{"start":{"line":15,"column":2},"end":{"line":15,"column":3}},"loc":{"start":{"line":15,"column":29},"end":{"line":52,"column":3}},"line":15}},"branchMap":{"0":{"loc":{"start":{"line":17,"column":4},"end":{"line":19,"column":5}},"type":"if","locations":[{"start":{"line":17,"column":4},"end":{"line":19,"column":5}},{"start":{},"end":{}}],"line":17},"1":{"loc":{"start":{"line":39,"column":8},"end":{"line":42,"column":9}},"type":"if","locations":[{"start":{"line":39,"column":8},"end":{"line":42,"column":9}},{"start":{},"end":{}}],"line":39},"2":{"loc":{"start":{"line":46,"column":6},"end":{"line":48,"column":7}},"type":"if","locations":[{"start":{"line":46,"column":6},"end":{"line":48,"column":7}},{"start":{},"end":{}}],"line":46}},"s":{"0":0,"1":4,"2":4,"3":1,"4":23,"5":23,"6":1,"7":23,"8":23,"9":23,"10":23,"11":42,"12":42,"13":42,"14":42,"15":42,"16":71,"17":71,"18":71,"19":71,"20":14,"21":14,"22":42,"23":42,"24":14,"25":23},"f":{"0":0,"1":4,"2":1,"3":23},"b":{"0":[1,22],"1":[14,57],"2":[14,28]},"_coverageSchema":"1a1c01bbd47fc00a2c39e90264f33305004495a9","hash":"fdf547607bd138a0d060e1a456f20ba7e9b743d1"}
,"/Users/ajwhatling/coding/photography/src/view-strategies/collection-in-group.js": {"path":"/Users/ajwhatling/coding/photography/src/view-strategies/collection-in-group.js","statementMap":{"0":{"start":{"line":3,"column":4},"end":{"line":3,"column":65}},"1":{"start":{"line":7,"column":4},"end":{"line":7,"column":25}},"2":{"start":{"line":8,"column":4},"end":{"line":8,"column":41}},"3":{"start":{"line":12,"column":26},"end":{"line":12,"column":45}},"4":{"start":{"line":13,"column":26},"end":{"line":14,"column":91}},"5":{"start":{"line":14,"column":23},"end":{"line":14,"column":90}},"6":{"start":{"line":14,"column":56},"end":{"line":14,"column":89}},"7":{"start":{"line":16,"column":21},"end":{"line":16,"column":23}},"8":{"start":{"line":18,"column":4},"end":{"line":24,"column":5}},"9":{"start":{"line":19,"column":6},"end":{"line":23,"column":9}},"10":{"start":{"line":22,"column":70},"end":{"line":22,"column":109}},"11":{"start":{"line":26,"column":4},"end":{"line":26,"column":22}}},"fnMap":{"0":{"name":"(anonymous_0)","decl":{"start":{"line":2,"column":2},"end":{"line":2,"column":3}},"loc":{"start":{"line":2,"column":40},"end":{"line":4,"column":3}},"line":2},"1":{"name":"(anonymous_1)","decl":{"start":{"line":6,"column":2},"end":{"line":6,"column":3}},"loc":{"start":{"line":6,"column":38},"end":{"line":9,"column":3}},"line":6},"2":{"name":"(anonymous_2)","decl":{"start":{"line":11,"column":2},"end":{"line":11,"column":3}},"loc":{"start":{"line":11,"column":9},"end":{"line":27,"column":3}},"line":11},"3":{"name":"(anonymous_3)","decl":{"start":{"line":14,"column":12},"end":{"line":14,"column":13}},"loc":{"start":{"line":14,"column":23},"end":{"line":14,"column":90}},"line":14},"4":{"name":"(anonymous_4)","decl":{"start":{"line":14,"column":46},"end":{"line":14,"column":47}},"loc":{"start":{"line":14,"column":56},"end":{"line":14,"column":89}},"line":14},"5":{"name":"(anonymous_5)","decl":{"start":{"line":22,"column":54},"end":{"line":22,"column":55}},"loc":{"start":{"line":22,"column":70},"end":{"line":22,"column":109}},"line":22}},"branchMap":{"0":{"loc":{"start":{"line":18,"column":4},"end":{"line":24,"column":5}},"type":"if","locations":[{"start":{"line":18,"column":4},"end":{"line":24,"column":5}},{"start":{},"end":{}}],"line":18}},"s":{"0":0,"1":3,"2":3,"3":3,"4":3,"5":5,"6":22,"7":3,"8":3,"9":1,"10":6,"11":3},"f":{"0":0,"1":3,"2":3,"3":5,"4":22,"5":6},"b":{"0":[1,2]},"_coverageSchema":"1a1c01bbd47fc00a2c39e90264f33305004495a9","hash":"313cabfc075384d8b421608ad54da61d76a4c5d4"}
,"/Users/ajwhatling/coding/photography/src/view-strategies/newest-photos.js": {"path":"/Users/ajwhatling/coding/photography/src/view-strategies/newest-photos.js","statementMap":{"0":{"start":{"line":5,"column":4},"end":{"line":5,"column":44}},"1":{"start":{"line":9,"column":4},"end":{"line":9,"column":25}},"2":{"start":{"line":10,"column":4},"end":{"line":10,"column":27}},"3":{"start":{"line":11,"column":4},"end":{"line":11,"column":31}},"4":{"start":{"line":15,"column":4},"end":{"line":15,"column":31}},"5":{"start":{"line":19,"column":4},"end":{"line":21,"column":5}},"6":{"start":{"line":20,"column":6},"end":{"line":20,"column":63}},"7":{"start":{"line":22,"column":4},"end":{"line":24,"column":5}},"8":{"start":{"line":23,"column":6},"end":{"line":23,"column":16}},"9":{"start":{"line":25,"column":4},"end":{"line":27,"column":5}},"10":{"start":{"line":26,"column":6},"end":{"line":26,"column":15}},"11":{"start":{"line":29,"column":4},"end":{"line":29,"column":57}},"12":{"start":{"line":33,"column":4},"end":{"line":41,"column":5}},"13":{"start":{"line":34,"column":6},"end":{"line":38,"column":18}},"14":{"start":{"line":40,"column":6},"end":{"line":40,"column":55}},"15":{"start":{"line":43,"column":4},"end":{"line":43,"column":36}},"16":{"start":{"line":45,"column":34},"end":{"line":45,"column":35}},"17":{"start":{"line":46,"column":19},"end":{"line":46,"column":41}},"18":{"start":{"line":48,"column":4},"end":{"line":71,"column":11}},"19":{"start":{"line":49,"column":6},"end":{"line":68,"column":7}},"20":{"start":{"line":50,"column":32},"end":{"line":50,"column":58}},"21":{"start":{"line":51,"column":8},"end":{"line":51,"column":42}},"22":{"start":{"line":53,"column":8},"end":{"line":67,"column":9}},"23":{"start":{"line":53,"column":21},"end":{"line":53,"column":22}},"24":{"start":{"line":54,"column":10},"end":{"line":54,"column":56}},"25":{"start":{"line":54,"column":50},"end":{"line":54,"column":56}},"26":{"start":{"line":56,"column":29},"end":{"line":56,"column":46}},"27":{"start":{"line":57,"column":39},"end":{"line":57,"column":67}},"28":{"start":{"line":59,"column":10},"end":{"line":59,"column":65}},"29":{"start":{"line":61,"column":10},"end":{"line":66,"column":11}},"30":{"start":{"line":61,"column":23},"end":{"line":61,"column":24}},"31":{"start":{"line":62,"column":12},"end":{"line":62,"column":58}},"32":{"start":{"line":62,"column":52},"end":{"line":62,"column":58}},"33":{"start":{"line":63,"column":12},"end":{"line":63,"column":41}},"34":{"start":{"line":65,"column":12},"end":{"line":65,"column":65}},"35":{"start":{"line":70,"column":6},"end":{"line":70,"column":25}}},"fnMap":{"0":{"name":"(anonymous_0)","decl":{"start":{"line":4,"column":2},"end":{"line":4,"column":3}},"loc":{"start":{"line":4,"column":24},"end":{"line":6,"column":3}},"line":4},"1":{"name":"(anonymous_1)","decl":{"start":{"line":8,"column":2},"end":{"line":8,"column":3}},"loc":{"start":{"line":8,"column":22},"end":{"line":12,"column":3}},"line":8},"2":{"name":"(anonymous_2)","decl":{"start":{"line":14,"column":2},"end":{"line":14,"column":3}},"loc":{"start":{"line":14,"column":10},"end":{"line":16,"column":3}},"line":14},"3":{"name":"(anonymous_3)","decl":{"start":{"line":18,"column":2},"end":{"line":18,"column":3}},"loc":{"start":{"line":18,"column":22},"end":{"line":30,"column":3}},"line":18},"4":{"name":"(anonymous_4)","decl":{"start":{"line":32,"column":2},"end":{"line":32,"column":3}},"loc":{"start":{"line":32,"column":14},"end":{"line":72,"column":3}},"line":32},"5":{"name":"(anonymous_5)","decl":{"start":{"line":48,"column":33},"end":{"line":48,"column":34}},"loc":{"start":{"line":48,"column":54},"end":{"line":71,"column":5}},"line":48}},"branchMap":{"0":{"loc":{"start":{"line":19,"column":4},"end":{"line":21,"column":5}},"type":"if","locations":[{"start":{"line":19,"column":4},"end":{"line":21,"column":5}},{"start":{},"end":{}}],"line":19},"1":{"loc":{"start":{"line":19,"column":8},"end":{"line":19,"column":58}},"type":"binary-expr","locations":[{"start":{"line":19,"column":8},"end":{"line":19,"column":31}},{"start":{"line":19,"column":35},"end":{"line":19,"column":58}}],"line":19},"2":{"loc":{"start":{"line":22,"column":4},"end":{"line":24,"column":5}},"type":"if","locations":[{"start":{"line":22,"column":4},"end":{"line":24,"column":5}},{"start":{},"end":{}}],"line":22},"3":{"loc":{"start":{"line":25,"column":4},"end":{"line":27,"column":5}},"type":"if","locations":[{"start":{"line":25,"column":4},"end":{"line":27,"column":5}},{"start":{},"end":{}}],"line":25},"4":{"loc":{"start":{"line":33,"column":4},"end":{"line":41,"column":5}},"type":"if","locations":[{"start":{"line":33,"column":4},"end":{"line":41,"column":5}},{"start":{},"end":{}}],"line":33},"5":{"loc":{"start":{"line":49,"column":6},"end":{"line":68,"column":7}},"type":"if","locations":[{"start":{"line":49,"column":6},"end":{"line":68,"column":7}},{"start":{},"end":{}}],"line":49},"6":{"loc":{"start":{"line":54,"column":10},"end":{"line":54,"column":56}},"type":"if","locations":[{"start":{"line":54,"column":10},"end":{"line":54,"column":56}},{"start":{},"end":{}}],"line":54},"7":{"loc":{"start":{"line":62,"column":12},"end":{"line":62,"column":58}},"type":"if","locations":[{"start":{"line":62,"column":12},"end":{"line":62,"column":58}},{"start":{},"end":{}}],"line":62}},"s":{"0":0,"1":8,"2":8,"3":8,"4":2,"5":136,"6":8,"7":128,"8":24,"9":104,"10":24,"11":80,"12":14,"13":8,"14":8,"15":14,"16":14,"17":14,"18":14,"19":84,"20":45,"21":45,"22":45,"23":45,"24":45,"25":0,"26":45,"27":45,"28":45,"29":45,"30":45,"31":120,"32":5,"33":115,"34":115,"35":84},"f":{"0":0,"1":8,"2":2,"3":136,"4":14,"5":84},"b":{"0":[8,128],"1":[136,32],"2":[24,104],"3":[24,80],"4":[8,6],"5":[45,39],"6":[0,45],"7":[5,115]},"_coverageSchema":"1a1c01bbd47fc00a2c39e90264f33305004495a9","hash":"775eaabb22069694cfcee6e76e8b9b5f6abc4ca7"}
}
