TN:
SF:src/App.jsx
FN:12,_toBase64
FN:16,getItems
FN:17,(anonymous_2)
FN:38,getCollections
FN:39,(anonymous_4)
FN:57,getGroups
FN:58,(anonymous_6)
FN:65,getCollectionsFromGroups
FN:66,(anonymous_8)
FN:69,getPhotoThingsToRender
FN:81,(anonymous_10)
FN:84,(anonymous_11)
FN:85,(anonymous_12)
FN:100,(anonymous_13)
FN:104,(anonymous_14)
FNF:15
FNH:0
FNDA:0,_toBase64
FNDA:0,getItems
FNDA:0,(anonymous_2)
FNDA:0,getCollections
FNDA:0,(anonymous_4)
FNDA:0,getGroups
FNDA:0,(anonymous_6)
FNDA:0,getCollectionsFromGroups
FNDA:0,(anonymous_8)
FNDA:0,getPhotoThingsToRender
FNDA:0,(anonymous_10)
FNDA:0,(anonymous_11)
FNDA:0,(anonymous_12)
FNDA:0,(anonymous_13)
FNDA:0,(anonymous_14)
DA:5,2
DA:13,0
DA:17,0
DA:18,0
DA:24,0
DA:28,0
DA:30,0
DA:39,0
DA:40,0
DA:42,0
DA:58,0
DA:59,0
DA:66,0
DA:70,0
DA:71,0
DA:72,0
DA:73,0
DA:75,0
DA:76,0
DA:78,0
DA:82,0
DA:84,0
DA:85,0
DA:96,0
DA:101,0
DA:105,0
LF:26
LH:1
BRDA:75,0,0,0
BRDA:75,0,1,0
BRF:2
BRH:0
end_of_record
TN:
SF:src/data-detangler.js
FN:2,(anonymous_0)
FN:6,(anonymous_1)
FN:7,(anonymous_2)
FN:10,(anonymous_3)
FN:28,(anonymous_4)
FN:33,(anonymous_5)
FN:34,(anonymous_6)
FN:35,(anonymous_7)
FN:36,(anonymous_8)
FN:57,(anonymous_9)
FN:63,(anonymous_10)
FNF:11
FNH:11
FNDA:116,(anonymous_0)
FNDA:39,(anonymous_1)
FNDA:117,(anonymous_2)
FNDA:150,(anonymous_3)
FNDA:148,(anonymous_4)
FNDA:37,(anonymous_5)
FNDA:133,(anonymous_6)
FNDA:133,(anonymous_7)
FNDA:383,(anonymous_8)
FNDA:40,(anonymous_9)
FNDA:40,(anonymous_10)
DA:3,116
DA:7,39
DA:8,117
DA:10,117
DA:11,150
DA:12,150
DA:14,150
DA:15,148
DA:21,150
DA:24,117
DA:27,39
DA:28,148
DA:30,39
DA:34,37
DA:35,133
DA:36,133
DA:37,383
DA:38,1
DA:40,382
DA:43,383
DA:50,133
DA:54,37
DA:58,40
DA:63,40
LF:24
LH:24
BRDA:14,0,0,148
BRDA:14,0,1,2
BRDA:37,1,0,1
BRDA:37,1,1,382
BRDA:37,2,0,383
BRDA:37,2,1,253
BRF:6
BRH:6
end_of_record
TN:
SF:src/image-utilities.js
FN:9,isTallImage
FN:13,nextScale
FN:25,nextScaleOfImage
FN:34,previousScale
FNF:4
FNH:4
FNDA:3,isTallImage
FNDA:12,nextScale
FNDA:3,nextScaleOfImage
FNDA:3,previousScale
DA:1,1
DA:2,1
DA:3,1
DA:5,1
DA:10,3
DA:14,12
DA:16,12
DA:17,4
DA:18,8
DA:19,4
DA:22,12
DA:26,3
DA:28,3
DA:35,3
LF:14
LH:14
BRDA:16,0,0,4
BRDA:16,0,1,8
BRDA:18,1,0,4
BRDA:18,1,1,4
BRF:4
BRH:4
end_of_record
TN:
SF:src/nouns-and-verbs.js
FN:16,doRender
FN:17,(anonymous_1)
FN:25,(anonymous_2)
FN:28,resetEverything
FN:39,whenThumbClicked
FN:44,(anonymous_5)
FN:45,(anonymous_6)
FN:47,(anonymous_7)
FN:60,(anonymous_8)
FN:61,(anonymous_9)
FN:62,(anonymous_10)
FN:70,(anonymous_11)
FN:79,whenBannerClicked
FN:88,whenCollapseToGroupsClicked
FN:90,(anonymous_14)
FN:90,(anonymous_15)
FN:104,whenCollectionNameClicked
FN:113,setUpSorterAndTransformer
FN:121,eventuallyRender
FN:132,(anonymous_19)
FN:133,(anonymous_20)
FN:147,onContainerScroll
FN:161,(anonymous_22)
FN:172,(anonymous_23)
FN:176,(anonymous_24)
FN:178,(anonymous_25)
FNF:26
FNH:25
FNDA:38,doRender
FNDA:25,(anonymous_1)
FNDA:0,(anonymous_2)
FNDA:29,resetEverything
FNDA:2,whenThumbClicked
FNDA:2,(anonymous_5)
FNDA:2,(anonymous_6)
FNDA:3,(anonymous_7)
FNDA:1,(anonymous_8)
FNDA:1,(anonymous_9)
FNDA:1,(anonymous_10)
FNDA:1,(anonymous_11)
FNDA:4,whenBannerClicked
FNDA:5,whenCollapseToGroupsClicked
FNDA:15,(anonymous_14)
FNDA:15,(anonymous_15)
FNDA:4,whenCollectionNameClicked
FNDA:25,setUpSorterAndTransformer
FNDA:25,eventuallyRender
FNDA:101,(anonymous_19)
FNDA:101,(anonymous_20)
FNDA:2,onContainerScroll
FNDA:28,(anonymous_22)
FNDA:28,(anonymous_23)
FNDA:1,(anonymous_24)
FNDA:15,(anonymous_25)
DA:12,1
DA:13,1
DA:14,1
DA:17,38
DA:19,25
DA:21,25
DA:25,1
DA:29,29
DA:31,29
DA:40,2
DA:42,2
DA:43,2
DA:44,2
DA:45,2
DA:47,3
DA:48,2
DA:49,2
DA:51,2
DA:52,1
DA:53,1
DA:56,1
DA:57,1
DA:59,1
DA:61,1
DA:62,1
DA:63,1
DA:64,1
DA:66,1
DA:67,1
DA:71,1
DA:72,1
DA:74,1
DA:80,4
DA:81,4
DA:85,4
DA:89,5
DA:90,15
DA:93,5
DA:95,5
DA:96,5
DA:101,5
DA:105,4
DA:110,4
DA:114,25
DA:115,19
DA:122,25
DA:123,25
DA:132,25
DA:133,101
DA:134,101
DA:138,25
DA:140,25
DA:148,2
DA:149,2
DA:150,2
DA:151,2
DA:153,2
DA:154,1
DA:158,1
DA:162,28
DA:170,28
DA:173,28
DA:176,1
DA:178,15
LF:64
LH:64
BRDA:44,0,0,2
BRDA:44,0,1,2
BRDA:45,1,0,2
BRDA:45,1,1,2
BRDA:51,2,0,1
BRDA:51,2,1,1
BRDA:114,3,0,19
BRDA:114,3,1,6
BRDA:153,4,0,1
BRDA:153,4,1,1
BRF:10
BRH:10
end_of_record
TN:
SF:src/promise-maker.js
FN:2,(anonymous_0)
FNF:1
FNH:0
FNDA:0,(anonymous_0)
DA:3,0
LF:1
LH:0
BRF:0
BRH:0
end_of_record
TN:
SF:src/state-utilities.js
FN:1,stator
FN:6,statorWithReset
FNF:2
FNH:2
FNDA:2,stator
FNDA:138,statorWithReset
DA:2,2
DA:3,2
DA:7,138
DA:8,32
DA:11,138
DA:12,2
DA:14,136
DA:17,138
LF:8
LH:8
BRDA:7,0,0,32
BRDA:7,0,1,106
BRDA:11,1,0,2
BRDA:11,1,1,136
BRF:4
BRH:4
end_of_record
TN:
SF:src/transform-utilities.js
FN:1,injectOnClick
FN:2,(anonymous_1)
FNF:2
FNH:2
FNDA:102,injectOnClick
FNDA:327,(anonymous_1)
DA:2,102
DA:4,327
DA:8,2
LF:3
LH:3
BRF:0
BRH:0
end_of_record
TN:
SF:src/components/Thumb.jsx
FN:3,createStyles
FN:9,createTags
FN:19,(anonymous_2)
FNF:3
FNH:3
FNDA:7,createStyles
FNDA:7,createTags
FNDA:7,(anonymous_2)
DA:4,7
DA:10,7
DA:13,7
DA:15,7
DA:20,7
LF:5
LH:5
BRDA:10,0,0,7
BRDA:10,0,1,6
BRF:2
BRH:2
end_of_record
TN:
SF:src/components/TransitionableThumb.jsx
FN:4,(anonymous_0)
FN:9,(anonymous_1)
FN:17,(anonymous_2)
FN:30,(anonymous_3)
FN:35,(anonymous_4)
FN:44,(anonymous_5)
FNF:6
FNH:5
FNDA:10,(anonymous_0)
FNDA:0,(anonymous_1)
FNDA:10,(anonymous_2)
FNDA:10,(anonymous_3)
FNDA:10,(anonymous_4)
FNDA:10,(anonymous_5)
DA:5,10
DA:6,10
DA:10,0
DA:11,0
DA:18,10
DA:31,10
DA:36,10
DA:37,10
DA:41,0
DA:45,10
DA:46,0
DA:50,10
LF:12
LH:8
BRDA:10,0,0,0
BRDA:10,0,1,0
BRDA:36,1,0,10
BRDA:36,1,1,0
BRDA:45,2,0,0
BRDA:45,2,1,10
BRF:6
BRH:2
end_of_record
TN:
SF:src/view-strategies/by-collection.js
FN:2,(anonymous_0)
FN:6,(anonymous_1)
FN:11,(anonymous_2)
FN:15,(anonymous_3)
FNF:4
FNH:3
FNDA:0,(anonymous_0)
FNDA:4,(anonymous_1)
FNDA:1,(anonymous_2)
FNDA:23,(anonymous_3)
DA:3,0
DA:7,4
DA:8,4
DA:12,1
DA:16,23
DA:17,23
DA:18,1
DA:21,23
DA:23,23
DA:25,23
DA:26,42
DA:27,42
DA:29,42
DA:30,42
DA:32,42
DA:33,71
DA:35,71
DA:37,71
DA:39,71
DA:40,14
DA:41,14
DA:44,42
DA:46,42
DA:47,14
DA:51,23
LF:25
LH:24
BRDA:17,0,0,1
BRDA:17,0,1,22
BRDA:39,1,0,14
BRDA:39,1,1,57
BRDA:46,2,0,14
BRDA:46,2,1,28
BRF:6
BRH:6
end_of_record
TN:
SF:src/view-strategies/collection-in-group.js
FN:2,(anonymous_0)
FN:6,(anonymous_1)
FN:11,(anonymous_2)
FN:14,(anonymous_3)
FN:14,(anonymous_4)
FN:22,(anonymous_5)
FNF:6
FNH:5
FNDA:0,(anonymous_0)
FNDA:3,(anonymous_1)
FNDA:3,(anonymous_2)
FNDA:5,(anonymous_3)
FNDA:22,(anonymous_4)
FNDA:6,(anonymous_5)
DA:3,0
DA:7,3
DA:8,3
DA:12,3
DA:13,3
DA:14,22
DA:16,3
DA:18,3
DA:19,1
DA:22,6
DA:26,3
LF:11
LH:10
BRDA:18,0,0,1
BRDA:18,0,1,2
BRF:2
BRH:2
end_of_record
TN:
SF:src/view-strategies/newest-photos.js
FN:4,(anonymous_0)
FN:8,(anonymous_1)
FN:14,(anonymous_2)
FN:18,(anonymous_3)
FN:32,(anonymous_4)
FN:48,(anonymous_5)
FNF:6
FNH:5
FNDA:0,(anonymous_0)
FNDA:8,(anonymous_1)
FNDA:2,(anonymous_2)
FNDA:136,(anonymous_3)
FNDA:14,(anonymous_4)
FNDA:84,(anonymous_5)
DA:5,0
DA:9,8
DA:10,8
DA:11,8
DA:15,2
DA:19,136
DA:20,8
DA:22,128
DA:23,24
DA:25,104
DA:26,24
DA:29,80
DA:33,14
DA:34,8
DA:40,8
DA:43,14
DA:45,14
DA:46,14
DA:48,14
DA:49,84
DA:50,45
DA:51,45
DA:53,45
DA:54,45
DA:56,45
DA:57,45
DA:59,45
DA:61,45
DA:62,120
DA:63,115
DA:65,115
DA:70,84
LF:32
LH:31
BRDA:19,0,0,8
BRDA:19,0,1,128
BRDA:19,1,0,136
BRDA:19,1,1,32
BRDA:22,2,0,24
BRDA:22,2,1,104
BRDA:25,3,0,24
BRDA:25,3,1,80
BRDA:33,4,0,8
BRDA:33,4,1,6
BRDA:49,5,0,45
BRDA:49,5,1,39
BRDA:54,6,0,0
BRDA:54,6,1,45
BRDA:62,7,0,5
BRDA:62,7,1,115
BRF:16
BRH:15
end_of_record
